<?xml version="1.0" encoding="UTF-8"?>
<testng-results ignored="0" total="8" passed="8" failed="0" skipped="0">
  <reporter-output>
  </reporter-output>
  <suite started-at="2024-11-15T16:53:12 IST" name="Surefire suite" finished-at="2024-11-15T16:53:32 IST" duration-ms="20277">
    <groups>
    </groups>
    <test started-at="2024-11-15T16:53:12 IST" name="Surefire test" finished-at="2024-11-15T16:53:32 IST" duration-ms="20277">
      <class name="TestNG.TestNG_Parallel1">
        <test-method signature="testMethod1()[pri:0, instance:TestNG.TestNG_Parallel1@3f28bd56]" started-at="2024-11-15T16:53:12 IST" name="testMethod1" finished-at="2024-11-15T16:53:22 IST" duration-ms="10014" status="PASS">
          <reporter-output>
          </reporter-output>
        </test-method> <!-- testMethod1 -->
        <test-method signature="testMethod2()[pri:0, instance:TestNG.TestNG_Parallel1@3f28bd56]" started-at="2024-11-15T16:53:22 IST" name="testMethod2" finished-at="2024-11-15T16:53:32 IST" duration-ms="10006" status="PASS">
          <reporter-output>
          </reporter-output>
        </test-method> <!-- testMethod2 -->
      </class> <!-- TestNG.TestNG_Parallel1 -->
      <class name="TestNG.TestNG_Parallel2">
        <test-method signature="testMethod1()[pri:0, instance:TestNG.TestNG_Parallel2@31e3250d]" started-at="2024-11-15T16:53:32 IST" name="testMethod1" finished-at="2024-11-15T16:53:32 IST" duration-ms="4" status="PASS">
          <reporter-output>
          </reporter-output>
        </test-method> <!-- testMethod1 -->
        <test-method signature="testMethod2()[pri:0, instance:TestNG.TestNG_Parallel2@31e3250d]" started-at="2024-11-15T16:53:32 IST" name="testMethod2" finished-at="2024-11-15T16:53:32 IST" duration-ms="3" status="PASS">
          <reporter-output>
          </reporter-output>
        </test-method> <!-- testMethod2 -->
      </class> <!-- TestNG.TestNG_Parallel2 -->
      <class name="TestNG.TestClass2">
        <test-method is-config="true" signature="beforeClass()[pri:0, instance:TestNG.TestClass2@3276732]" started-at="2024-11-15T16:53:12 IST" name="beforeClass" finished-at="2024-11-15T16:53:12 IST" duration-ms="1" status="PASS">
          <reporter-output>
          </reporter-output>
        </test-method> <!-- beforeClass -->
        <test-method is-config="true" signature="setUp()[pri:0, instance:TestNG.TestClass2@3276732]" started-at="2024-11-15T16:53:12 IST" name="setUp" finished-at="2024-11-15T16:53:12 IST" duration-ms="0" status="PASS">
          <reporter-output>
          </reporter-output>
        </test-method> <!-- setUp -->
        <test-method is-config="true" signature="beforeMethod()[pri:0, instance:TestNG.TestClass2@3276732]" started-at="2024-11-15T16:53:12 IST" name="beforeMethod" finished-at="2024-11-15T16:53:12 IST" duration-ms="1" status="PASS">
          <reporter-output>
          </reporter-output>
        </test-method> <!-- beforeMethod -->
        <test-method signature="testMethod2()[pri:0, instance:TestNG.TestClass2@3276732]" started-at="2024-11-15T16:53:12 IST" name="testMethod2" finished-at="2024-11-15T16:53:12 IST" duration-ms="3" status="PASS">
          <reporter-output>
          </reporter-output>
        </test-method> <!-- testMethod2 -->
        <test-method is-config="true" signature="afterMehtod()[pri:0, instance:TestNG.TestClass2@3276732]" started-at="2024-11-15T16:53:12 IST" name="afterMehtod" finished-at="2024-11-15T16:53:12 IST" duration-ms="1" status="PASS">
          <reporter-output>
          </reporter-output>
        </test-method> <!-- afterMehtod -->
        <test-method is-config="true" signature="beforeMethod()[pri:0, instance:TestNG.TestClass2@3276732]" started-at="2024-11-15T16:53:12 IST" name="beforeMethod" finished-at="2024-11-15T16:53:12 IST" duration-ms="1" status="PASS">
          <reporter-output>
          </reporter-output>
        </test-method> <!-- beforeMethod -->
        <test-method signature="testMethod1()[pri:2, instance:TestNG.TestClass2@3276732]" started-at="2024-11-15T16:53:12 IST" name="testMethod1" finished-at="2024-11-15T16:53:12 IST" duration-ms="3" status="PASS">
          <reporter-output>
          </reporter-output>
        </test-method> <!-- testMethod1 -->
        <test-method is-config="true" signature="afterMehtod()[pri:0, instance:TestNG.TestClass2@3276732]" started-at="2024-11-15T16:53:12 IST" name="afterMehtod" finished-at="2024-11-15T16:53:12 IST" duration-ms="1" status="PASS">
          <reporter-output>
          </reporter-output>
        </test-method> <!-- afterMehtod -->
        <test-method is-config="true" signature="cleanUp()[pri:0, instance:TestNG.TestClass2@3276732]" started-at="2024-11-15T16:53:12 IST" name="cleanUp" finished-at="2024-11-15T16:53:12 IST" duration-ms="1" status="PASS">
          <reporter-output>
          </reporter-output>
        </test-method> <!-- cleanUp -->
        <test-method is-config="true" signature="afterClass()[pri:0, instance:TestNG.TestClass2@3276732]" started-at="2024-11-15T16:53:12 IST" name="afterClass" finished-at="2024-11-15T16:53:12 IST" duration-ms="0" status="PASS">
          <reporter-output>
          </reporter-output>
        </test-method> <!-- afterClass -->
      </class> <!-- TestNG.TestClass2 -->
      <class name="TestNG.TestClass1">
        <test-method is-config="true" signature="beforeSuite()[pri:0, instance:TestNG.TestClass1@1cd201a8]" started-at="2024-11-15T16:53:12 IST" name="beforeSuite" finished-at="2024-11-15T16:53:12 IST" duration-ms="30" status="PASS">
          <reporter-output>
          </reporter-output>
        </test-method> <!-- beforeSuite -->
        <test-method is-config="true" signature="beforeTest()[pri:0, instance:TestNG.TestClass1@1cd201a8]" started-at="2024-11-15T16:53:12 IST" name="beforeTest" finished-at="2024-11-15T16:53:12 IST" duration-ms="0" status="PASS">
          <reporter-output>
          </reporter-output>
        </test-method> <!-- beforeTest -->
        <test-method is-config="true" signature="beforeClass()[pri:0, instance:TestNG.TestClass1@1cd201a8]" started-at="2024-11-15T16:53:12 IST" name="beforeClass" finished-at="2024-11-15T16:53:12 IST" duration-ms="2" status="PASS">
          <reporter-output>
          </reporter-output>
        </test-method> <!-- beforeClass -->
        <test-method is-config="true" signature="setUp()[pri:0, instance:TestNG.TestClass1@1cd201a8]" started-at="2024-11-15T16:53:12 IST" name="setUp" finished-at="2024-11-15T16:53:12 IST" duration-ms="1" status="PASS">
          <reporter-output>
          </reporter-output>
        </test-method> <!-- setUp -->
        <test-method is-config="true" signature="beforeMethod()[pri:0, instance:TestNG.TestClass1@1cd201a8]" started-at="2024-11-15T16:53:12 IST" name="beforeMethod" finished-at="2024-11-15T16:53:12 IST" duration-ms="1" status="PASS">
          <reporter-output>
          </reporter-output>
        </test-method> <!-- beforeMethod -->
        <test-method signature="testMethod1()[pri:0, instance:TestNG.TestClass1@1cd201a8]" started-at="2024-11-15T16:53:12 IST" name="testMethod1" finished-at="2024-11-15T16:53:12 IST" duration-ms="41" status="PASS">
          <reporter-output>
          </reporter-output>
        </test-method> <!-- testMethod1 -->
        <test-method is-config="true" signature="afterMehtod()[pri:0, instance:TestNG.TestClass1@1cd201a8]" started-at="2024-11-15T16:53:12 IST" name="afterMehtod" finished-at="2024-11-15T16:53:12 IST" duration-ms="2" status="PASS">
          <reporter-output>
          </reporter-output>
        </test-method> <!-- afterMehtod -->
        <test-method is-config="true" signature="beforeMethod()[pri:0, instance:TestNG.TestClass1@1cd201a8]" started-at="2024-11-15T16:53:12 IST" name="beforeMethod" finished-at="2024-11-15T16:53:12 IST" duration-ms="1" status="PASS">
          <reporter-output>
          </reporter-output>
        </test-method> <!-- beforeMethod -->
        <test-method signature="testMethod2()[pri:0, instance:TestNG.TestClass1@1cd201a8]" started-at="2024-11-15T16:53:12 IST" name="testMethod2" finished-at="2024-11-15T16:53:12 IST" duration-ms="3" status="PASS">
          <reporter-output>
          </reporter-output>
        </test-method> <!-- testMethod2 -->
        <test-method is-config="true" signature="afterMehtod()[pri:0, instance:TestNG.TestClass1@1cd201a8]" started-at="2024-11-15T16:53:12 IST" name="afterMehtod" finished-at="2024-11-15T16:53:12 IST" duration-ms="1" status="PASS">
          <reporter-output>
          </reporter-output>
        </test-method> <!-- afterMehtod -->
        <test-method is-config="true" signature="cleanUp()[pri:0, instance:TestNG.TestClass1@1cd201a8]" started-at="2024-11-15T16:53:12 IST" name="cleanUp" finished-at="2024-11-15T16:53:12 IST" duration-ms="1" status="PASS">
          <reporter-output>
          </reporter-output>
        </test-method> <!-- cleanUp -->
        <test-method is-config="true" signature="afterClass()[pri:0, instance:TestNG.TestClass1@1cd201a8]" started-at="2024-11-15T16:53:12 IST" name="afterClass" finished-at="2024-11-15T16:53:12 IST" duration-ms="0" status="PASS">
          <reporter-output>
          </reporter-output>
        </test-method> <!-- afterClass -->
        <test-method is-config="true" signature="afterTest()[pri:0, instance:TestNG.TestClass1@1cd201a8]" started-at="2024-11-15T16:53:32 IST" name="afterTest" finished-at="2024-11-15T16:53:32 IST" duration-ms="1" status="PASS">
          <reporter-output>
          </reporter-output>
        </test-method> <!-- afterTest -->
        <test-method is-config="true" signature="afterSuite()[pri:0, instance:TestNG.TestClass1@1cd201a8]" started-at="2024-11-15T16:53:32 IST" name="afterSuite" finished-at="2024-11-15T16:53:32 IST" duration-ms="1" status="PASS">
          <reporter-output>
          </reporter-output>
        </test-method> <!-- afterSuite -->
      </class> <!-- TestNG.TestClass1 -->
    </test> <!-- Surefire test -->
  </suite> <!-- Surefire suite -->
</testng-results>
