<?xml version="1.0" encoding="UTF-8"?>
<testsuite xmlns:xsi="http://www.w3.org/2001/XMLSchema-instance" xsi:noNamespaceSchemaLocation="https://maven.apache.org/surefire/maven-surefire-plugin/xsd/surefire-test-report-3.0.xsd" version="3.0" name="TestSuite" time="21.687" tests="8" errors="0" skipped="0" failures="0">
  <properties>
[...]
</properties>
  <testcase name="testMethod1" classname="TestNG.TestClass1" time="0.051">
    <system-out><![CDATA[BeforeTestSuite--beforeSuite
BeforeTestSuite--beforeTest
BeforeTestSuite--beforeClass
TestClass1--before class
TestClass1--before method
TestClass1--test1
]]></system-out>
  </testcase>
  <testcase name="testMethod2" classname="TestNG.TestClass1" time="0.002">
    <system-out><![CDATA[TestClass1--after method
TestClass1--before method
TestClass1--test2
]]></system-out>
  </testcase>
  <testcase name="testMethod2" classname="TestNG.TestClass2" time="0.0">
    <system-out><![CDATA[TestClass1--after method
TestClass1--after class
BeforeTestSuite--afterClass
BeforeTestSuite--beforeClass
TestClass2--before class
TestClass2--before method
TestClass2--test2
]]></system-out>
  </testcase>
  <testcase name="testMethod1" classname="TestNG.TestClass2" time="0.003">
    <system-out><![CDATA[TestClass2--after method
TestClass2--before method
TestClass2--test1
]]></system-out>
  </testcase>
  <testcase name="testMethod1" classname="TestNG.TestNG_Parallel1" time="10.012">
    <system-out><![CDATA[TestClass2--after method
TestClass2--after class
BeforeTestSuite--afterClass
TestNG_Parallel1 -> testMethod1
]]></system-out>
  </testcase>
  <testcase name="testMethod2" classname="TestNG.TestNG_Parallel1" time="10.008">
    <system-out><![CDATA[TestNG_Parallel1 -> testMethod2
]]></system-out>
  </testcase>
  <testcase name="testMethod1" classname="TestNG.TestNG_Parallel2" time="0.007">
    <system-out><![CDATA[TestNG_Parallel2 -> testMethod1
]]></system-out>
  </testcase>
  <testcase name="testMethod2" classname="TestNG.TestNG_Parallel2" time="0.008">
    <system-out><![CDATA[TestNG_Parallel2 -> testMethod2
]]></system-out>
  </testcase>
</testsuite>