<?xml version="1.0" encoding="UTF-8"?>
<testng-results ignored="0" total="1" passed="1" failed="0" skipped="0">
  <reporter-output>
  </reporter-output>
  <suite started-at="2024-09-17T23:14:25 IST" name="Default suite" finished-at="2024-09-17T23:14:45 IST" duration-ms="20022">
    <groups>
      <group name="QA">
        <method signature="Selenium11.testVWOLogin()[pri:0, instance:com.Practice.Selenium.Selenium11@59aa20b3]" name="testVWOLogin" class="com.Practice.Selenium.Selenium11"/>
      </group> <!-- QA -->
    </groups>
    <test started-at="2024-09-17T23:14:25 IST" name="Default test" finished-at="2024-09-17T23:14:45 IST" duration-ms="20022">
      <class name="com.Practice.Selenium.Selenium11">
        <test-method signature="testVWOLogin()[pri:0, instance:com.Practice.Selenium.Selenium11@59aa20b3]" started-at="2024-09-17T23:14:25 IST" name="testVWOLogin" finished-at="2024-09-17T23:14:44 IST" duration-ms="19530" status="PASS">
          <reporter-output>
          </reporter-output>
        </test-method> <!-- testVWOLogin -->
      </class> <!-- com.Practice.Selenium.Selenium11 -->
    </test> <!-- Default test -->
  </suite> <!-- Default suite -->
</testng-results>
