<?xml version="1.0" encoding="UTF-8"?>
<testng-results ignored="0" total="1" passed="1" failed="0" skipped="0">
  <reporter-output>
  </reporter-output>
  <suite started-at="2024-07-07T02:05:11 IST" name="Default suite" finished-at="2024-07-07T02:05:28 IST" duration-ms="16514">
    <groups>
    </groups>
    <test started-at="2024-07-07T02:05:11 IST" name="Default test" finished-at="2024-07-07T02:05:28 IST" duration-ms="16514">
      <class name="com.Practice.Selenium072024.SelectDropDown">
        <test-method signature="selectDropDown()[pri:0, instance:com.Practice.Selenium072024.SelectDropDown@6069db50]" started-at="2024-07-07T02:05:12 IST" name="selectDropDown" finished-at="2024-07-07T02:05:28 IST" duration-ms="16465" status="PASS">
          <reporter-output>
          </reporter-output>
        </test-method> <!-- selectDropDown -->
      </class> <!-- com.Practice.Selenium072024.SelectDropDown -->
    </test> <!-- Default test -->
  </suite> <!-- Default suite -->
</testng-results>
