<?xml version="1.0" encoding="UTF-8"?>
<!-- Generated by org.testng.reporters.JUnitXMLReporter -->
<testsuite ignored="0" hostname="shah4corp" failures="1" tests="2" name="Test1" time="1.708" errors="0" timestamp="2024-08-02T22:46:42 IST">
  <testcase classname="com.Practice.Selenium072024.DemoGuru2807" name="test" time="0.0">
    <failure type="org.testng.TestNGException" message="
Cannot inject @Test annotated Method [test] with [class java.lang.String].
For more information on native dependency injection please refer to https://testng.org/#_dependency_injection">
      <![CDATA[org.testng.TestNGException: 
Cannot inject @Test annotated Method [test] with [class java.lang.String].
For more information on native dependency injection please refer to https://testng.org/#_dependency_injection
at java.base/java.util.concurrent.Executors$RunnableAdapter.call(Executors.java:572)
at java.base/java.util.concurrent.FutureTask.run(FutureTask.java:317)
at java.base/java.util.concurrent.ThreadPoolExecutor.runWorker(ThreadPoolExecutor.java:1144)
at java.base/java.util.concurrent.ThreadPoolExecutor$Worker.run(ThreadPoolExecutor.java:642)
at java.base/java.lang.Thread.run(Thread.java:1583)
... Removed 12 stack frames]]>
    </failure>
  </testcase> <!-- test -->
  <testcase classname="com.Practice.Selenium072024.DemoGuru2807" name="testMethod1" time="0.006"/>
</testsuite> <!-- Test1 -->
