<?xml version="1.0" encoding="UTF-8"?>
<!-- Generated by org.testng.reporters.JUnitXMLReporter -->
<testsuite ignored="4" hostname="shah4corp" failures="0" tests="8" name="Surefire test" time="20.277" errors="0" timestamp="2024-11-15T16:53:32 IST">
  <testcase classname="TestNG.TestClass1" name="testMethod1" time="0.041"/>
  <testcase classname="TestNG.TestClass1" name="testMethod2" time="0.003"/>
  <testcase classname="TestNG.TestClass2" name="testMethod2" time="0.003"/>
  <testcase classname="TestNG.TestClass2" name="testMethod1" time="0.003"/>
  <testcase classname="TestNG.TestNG_Parallel1" name="testMethod1" time="10.014"/>
  <testcase classname="TestNG.TestNG_Parallel1" name="testMethod2" time="10.006"/>
  <testcase classname="TestNG.TestNG_Parallel2" name="testMethod1" time="0.004"/>
  <testcase classname="TestNG.TestNG_Parallel2" name="testMethod2" time="0.003"/>
  <testcase classname="TestNG.BeforeTestSuite" name="@AfterSuite afterSuite" time="0.0">
    <ignored/>
  </testcase> <!-- @AfterSuite afterSuite -->
  <testcase classname="TestNG.BeforeTestSuite" name="@BeforeTest beforeTest" time="0.0">
    <ignored/>
  </testcase> <!-- @BeforeTest beforeTest -->
  <testcase classname="TestNG.BeforeTestSuite" name="@BeforeSuite beforeSuite" time="0.0">
    <ignored/>
  </testcase> <!-- @BeforeSuite beforeSuite -->
  <testcase classname="TestNG.BeforeTestSuite" name="@AfterTest afterTest" time="0.0">
    <ignored/>
  </testcase> <!-- @AfterTest afterTest -->
</testsuite> <!-- Surefire test -->
